<?xml version="1.0" encoding="UTF-8"?>
<testsuite xmlns:xsi="http://www.w3.org/2001/XMLSchema-instance" xsi:noNamespaceSchemaLocation="https://maven.apache.org/surefire/maven-surefire-plugin/xsd/surefire-test-report-3.0.xsd" version="3.0" name="TestSuite" time="0.563" tests="2" errors="0" skipped="0" failures="0">
  <properties>
    <property name="java.specification.version" value="17"/>
    <property name="sun.cpu.isalist" value="amd64"/>
    <property name="sun.jnu.encoding" value="Cp1252"/>
    <property name="java.class.path" value="C:\Users\molla\eclipse-workspaceTutorials\JavaProgramming\target\test-classes;C:\Users\molla\eclipse-workspaceTutorials\JavaProgramming\target\classes;C:\Users\molla\.m2\repository\org\testng\testng\7.9.0\testng-7.9.0.jar;C:\Users\molla\.m2\repository\org\slf4j\slf4j-api\1.7.36\slf4j-api-1.7.36.jar;C:\Users\molla\.m2\repository\com\beust\jcommander\1.82\jcommander-1.82.jar;C:\Users\molla\.m2\repository\org\webjars\jquery\3.7.1\jquery-3.7.1.jar;"/>
    <property name="java.vm.vendor" value="Oracle Corporation"/>
    <property name="sun.arch.data.model" value="64"/>
    <property name="user.variant" value=""/>
    <property name="java.vendor.url" value="https://java.oracle.com/"/>
    <property name="user.timezone" value="America/New_York"/>
    <property name="os.name" value="Windows 11"/>
    <property name="java.vm.specification.version" value="17"/>
    <property name="sun.java.launcher" value="SUN_STANDARD"/>
    <property name="user.country" value="US"/>
    <property name="sun.boot.library.path" value="C:\Program Files\Java\jdk-17\bin"/>
    <property name="sun.java.command" value="C:\Users\molla\AppData\Local\Temp\surefire7334978961507790234\surefirebooter13863689212819648892.jar C:\Users\molla\AppData\Local\Temp\surefire7334978961507790234 2024-01-26T16-15-53_516-jvmRun1 surefire493285601096367376tmp surefire_06124280529873638383tmp"/>
    <property name="jdk.debug" value="release"/>
    <property name="surefire.test.class.path" value="C:\Users\molla\eclipse-workspaceTutorials\JavaProgramming\target\test-classes;C:\Users\molla\eclipse-workspaceTutorials\JavaProgramming\target\classes;C:\Users\molla\.m2\repository\org\testng\testng\7.9.0\testng-7.9.0.jar;C:\Users\molla\.m2\repository\org\slf4j\slf4j-api\1.7.36\slf4j-api-1.7.36.jar;C:\Users\molla\.m2\repository\com\beust\jcommander\1.82\jcommander-1.82.jar;C:\Users\molla\.m2\repository\org\webjars\jquery\3.7.1\jquery-3.7.1.jar;"/>
    <property name="sun.cpu.endian" value="little"/>
    <property name="user.home" value="C:\Users\molla"/>
    <property name="user.language" value="en"/>
    <property name="java.specification.vendor" value="Oracle Corporation"/>
    <property name="java.version.date" value="2023-10-17"/>
    <property name="java.home" value="C:\Program Files\Java\jdk-17"/>
    <property name="file.separator" value="\"/>
    <property name="basedir" value="C:\Users\molla\eclipse-workspaceTutorials\JavaProgramming"/>
    <property name="java.vm.compressedOopsMode" value="Zero based"/>
    <property name="line.separator" value="&#10;"/>
    <property name="java.vm.specification.vendor" value="Oracle Corporation"/>
    <property name="java.specification.name" value="Java Platform API Specification"/>
    <property name="surefire.real.class.path" value="C:\Users\molla\AppData\Local\Temp\surefire7334978961507790234\surefirebooter13863689212819648892.jar"/>
    <property name="user.script" value=""/>
    <property name="sun.management.compiler" value="HotSpot 64-Bit Tiered Compilers"/>
    <property name="java.runtime.version" value="17.0.9+11-LTS-201"/>
    <property name="user.name" value="molla"/>
    <property name="path.separator" value=";"/>
    <property name="os.version" value="10.0"/>
    <property name="java.runtime.name" value="Java(TM) SE Runtime Environment"/>
    <property name="file.encoding" value="Cp1252"/>
    <property name="java.vm.name" value="Java HotSpot(TM) 64-Bit Server VM"/>
    <property name="localRepository" value="C:\Users\molla\.m2\repository"/>
    <property name="java.vendor.url.bug" value="https://bugreport.java.com/bugreport/"/>
    <property name="java.io.tmpdir" value="C:\Users\molla\AppData\Local\Temp\"/>
    <property name="java.version" value="17.0.9"/>
    <property name="user.dir" value="C:\Users\molla\eclipse-workspaceTutorials\JavaProgramming"/>
    <property name="os.arch" value="amd64"/>
    <property name="java.vm.specification.name" value="Java Virtual Machine Specification"/>
    <property name="sun.os.patch.level" value=""/>
    <property name="native.encoding" value="Cp1252"/>
    <property name="java.library.path" value="C:\Program Files\Java\jdk-17\bin;C:\Windows\Sun\Java\bin;C:\Windows\system32;C:\Windows;C:\Program Files\Common Files\Oracle\Java\javapath;C:\Windows\system32;C:\Windows;C:\Windows\System32\Wbem;C:\Windows\System32\WindowsPowerShell\v1.0\;C:\Windows\System32\OpenSSH\;C:\Program Files (x86)\NVIDIA Corporation\PhysX\Common;C:\Program Files\NVIDIA Corporation\NVIDIA NvDLISR;C:\Program Files\Java\jdk-17\bin;C:\Program Files\Git\cmd;C:\Program Files\apache-maven-3.9.6-bin\apache-maven-3.9.6\bin;C:\Users\molla\AppData\Local\Programs\Python\Python312\Scripts\;C:\Users\molla\AppData\Local\Programs\Python\Python312\;C:\Users\molla\AppData\Local\Microsoft\WindowsApps;;."/>
    <property name="java.vm.info" value="mixed mode, sharing"/>
    <property name="java.vendor" value="Oracle Corporation"/>
    <property name="java.vm.version" value="17.0.9+11-LTS-201"/>
    <property name="sun.io.unicode.encoding" value="UnicodeLittle"/>
    <property name="java.class.version" value="61.0"/>
  </properties>
  <testcase name="stringManupulation" classname="practice.StringOperations" time="0.004"/>
  <testcase name="compareString" classname="practice.StringOperations" time="0.004"/>
</testsuite>