<?xml version="1.0" encoding="UTF-8"?>
<!-- Generated by org.testng.reporters.JUnitReportReporter -->
<testsuite hostname="MOLLA" failures="0" tests="1" name="practice.StringOperations" time="0.007" errors="0" timestamp="2024-01-25T22:40:06 EST" skipped="0">
  <testcase classname="practice.StringOperations" name="stringManupulation" time="0.007"/>
</testsuite> <!-- practice.StringOperations -->
