<?xml version="1.0" encoding="UTF-8"?>
<!-- Generated by org.testng.reporters.JUnitReportReporter -->
<testsuite hostname="MOLLA" failures="0" tests="1" name="practice.StringOperations" time="0.006" errors="0" timestamp="2024-01-25T21:40:13 EST" skipped="0">
  <testcase classname="practice.StringOperations" name="f" time="0.006"/>
</testsuite> <!-- practice.StringOperations -->
