<?xml version="1.0" encoding="UTF-8"?>
<!-- Generated by org.testng.reporters.JUnitReportReporter -->
<testsuite hostname="MOLLA" failures="0" tests="2" name="practice.StringOperations" time="0.012" errors="0" timestamp="2024-01-26T16:15:54 EST" skipped="0">
  <testcase classname="practice.StringOperations" name="stringManupulation" time="0.006"/>
  <testcase classname="practice.StringOperations" name="compareString" time="0.006"/>
</testsuite> <!-- practice.StringOperations -->
